build/app/intermediates/manifest_merge_blame_file/release/manifest-merger-blame-release-report.txt
1<?xml version="1.0" encoding="utf-8"?>
2<manifest xmlns:android="http://schemas.android.com/apk/res/android"
3    package="com.example.xiaonaoweisuo.grade2"
4    android:versionCode="4001"
5    android:versionName="2.1.4" >
6
7    <uses-sdk
8        android:minSdkVersion="16"
8-->src\main\AndroidManifest.xml
9        android:targetSdkVersion="33" />
9-->src\main\AndroidManifest.xml
10    <!-- 访问电话状态 -->
11    <uses-permission android:name="android.permission.READ_PHONE_STATE" />
11-->src\main\AndroidManifest.xml:35:5-75
11-->src\main\AndroidManifest.xml:35:22-72
12    <!-- 允许全部网络访问 -->
13    <uses-permission android:name="android.permission.INTERNET" />
13-->src\main\AndroidManifest.xml:37:5-67
13-->src\main\AndroidManifest.xml:37:22-64
14    <!-- 获取网络信息状态 -->
15    <uses-permission android:name="android.permission.ACCESS_NETWORK_STATE" />
15-->src\main\AndroidManifest.xml:39:5-79
15-->src\main\AndroidManifest.xml:39:22-76
16    <!-- 获取当前WiFi接入的状态以及WLAN热点的信息 -->
17    <uses-permission android:name="android.permission.ACCESS_WIFI_STATE" />
17-->src\main\AndroidManifest.xml:41:5-76
17-->src\main\AndroidManifest.xml:41:22-73
18    <!-- 获取当前设备存储权限 -->
19    <uses-permission android:name="android.permission.WRITE_EXTERNAL_STORAGE" />
19-->src\main\AndroidManifest.xml:43:5-81
19-->src\main\AndroidManifest.xml:43:22-78
20    <uses-permission android:name="android.permission.REQUEST_INSTALL_PACKAGES" />
20-->src\main\AndroidManifest.xml:45:5-83
20-->src\main\AndroidManifest.xml:45:22-80
21    <uses-permission android:name="android.permission.READ_EXTERNAL_STORAGE" />
21-->src\main\AndroidManifest.xml:47:3-78
21-->src\main\AndroidManifest.xml:47:20-75
22    <uses-permission android:name="android.permission.CAMERA" />
22-->src\main\AndroidManifest.xml:49:3-63
22-->src\main\AndroidManifest.xml:49:20-60
23
24    <permission
24-->[androidx.core:core:1.10.1] AndroidManifest.xml:22:5-24:47
25        android:name="com.example.xiaonaoweisuo.grade2.DYNAMIC_RECEIVER_NOT_EXPORTED_PERMISSION"
25-->[androidx.core:core:1.10.1] AndroidManifest.xml:23:9-81
26        android:protectionLevel="signature" />
26-->[androidx.core:core:1.10.1] AndroidManifest.xml:24:9-44
27
28    <uses-permission android:name="com.example.xiaonaoweisuo.grade2.DYNAMIC_RECEIVER_NOT_EXPORTED_PERMISSION" />
28-->[androidx.core:core:1.10.1] AndroidManifest.xml:26:5-97
28-->[androidx.core:core:1.10.1] AndroidManifest.xml:26:22-94
29
30    <application
31        android:name="android.app.Application"
31-->src\main\AndroidManifest.xml:5:9-42
32        android:appComponentFactory="androidx.core.app.CoreComponentFactory"
32-->[androidx.core:core:1.10.1] AndroidManifest.xml:28:18-86
33        android:icon="@mipmap/ic_launcher"
33-->src\main\AndroidManifest.xml:6:9-43
34        android:label="Grade2" >
34-->src\main\AndroidManifest.xml:4:9-31
35        <activity
35-->src\main\AndroidManifest.xml:7:9-27:20
36            android:name="com.example.xiaonaoweisuo.grade2.MainActivity"
36-->src\main\AndroidManifest.xml:8:13-41
37            android:configChanges="orientation|keyboardHidden|keyboard|screenSize|smallestScreenSize|locale|layoutDirection|fontScale|screenLayout|density|uiMode"
37-->src\main\AndroidManifest.xml:12:13-163
38            android:exported="true"
38-->src\main\AndroidManifest.xml:9:13-36
39            android:hardwareAccelerated="true"
39-->src\main\AndroidManifest.xml:13:13-47
40            android:launchMode="singleTop"
40-->src\main\AndroidManifest.xml:10:13-43
41            android:theme="@style/LaunchTheme"
41-->src\main\AndroidManifest.xml:11:13-47
42            android:windowSoftInputMode="adjustResize" >
42-->src\main\AndroidManifest.xml:14:13-55
43
44            <!--
45                 Specifies an Android theme to apply to this Activity as soon as
46                 the Android process has started. This theme is visible to the user
47                 while the Flutter UI initializes. After that, this theme continues
48                 to determine the Window background behind the Flutter UI.
49            -->
50            <meta-data
50-->src\main\AndroidManifest.xml:19:13-22:17
51                android:name="io.flutter.embedding.android.NormalTheme"
51-->src\main\AndroidManifest.xml:20:15-70
52                android:resource="@style/NormalTheme" />
52-->src\main\AndroidManifest.xml:21:15-52
53
54            <intent-filter>
54-->src\main\AndroidManifest.xml:23:13-26:29
55                <action android:name="android.intent.action.MAIN" />
55-->src\main\AndroidManifest.xml:24:17-68
55-->src\main\AndroidManifest.xml:24:25-66
56
57                <category android:name="android.intent.category.LAUNCHER" />
57-->src\main\AndroidManifest.xml:25:17-76
57-->src\main\AndroidManifest.xml:25:27-74
58            </intent-filter>
59        </activity>
60        <!--
61             Don't delete the meta-data below.
62             This is used by the Flutter tool to generate GeneratedPluginRegistrant.java
63        -->
64        <meta-data
64-->src\main\AndroidManifest.xml:30:9-32:33
65            android:name="flutterEmbedding"
65-->src\main\AndroidManifest.xml:31:13-44
66            android:value="2" />
66-->src\main\AndroidManifest.xml:32:13-30
67
68        <provider
68-->[:image_picker_android] AndroidManifest.xml:10:9-18:20
69            android:name="io.flutter.plugins.imagepicker.ImagePickerFileProvider"
69-->[:image_picker_android] AndroidManifest.xml:11:13-82
70            android:authorities="com.example.xiaonaoweisuo.grade2.flutter.image_provider"
70-->[:image_picker_android] AndroidManifest.xml:12:13-74
71            android:exported="false"
71-->[:image_picker_android] AndroidManifest.xml:13:13-37
72            android:grantUriPermissions="true" >
72-->[:image_picker_android] AndroidManifest.xml:14:13-47
73            <meta-data
73-->[:image_picker_android] AndroidManifest.xml:15:13-17:75
74                android:name="android.support.FILE_PROVIDER_PATHS"
74-->[:image_picker_android] AndroidManifest.xml:16:17-67
75                android:resource="@xml/flutter_image_picker_file_paths" />
75-->[:image_picker_android] AndroidManifest.xml:17:17-72
76        </provider>
77        <provider
77-->[:install_plugin] AndroidManifest.xml:16:9-24:20
78            android:name="com.zaihui.installplugin.InstallFileProvider"
78-->[:install_plugin] AndroidManifest.xml:17:13-72
79            android:authorities="com.example.xiaonaoweisuo.grade2.installFileProvider.install"
79-->[:install_plugin] AndroidManifest.xml:18:13-79
80            android:exported="false"
80-->[:install_plugin] AndroidManifest.xml:19:13-37
81            android:grantUriPermissions="true" >
81-->[:install_plugin] AndroidManifest.xml:20:13-47
82            <meta-data
82-->[:image_picker_android] AndroidManifest.xml:15:13-17:75
83                android:name="android.support.FILE_PROVIDER_PATHS"
83-->[:image_picker_android] AndroidManifest.xml:16:17-67
84                android:resource="@xml/provider_install_paths" />
84-->[:image_picker_android] AndroidManifest.xml:17:17-72
85        </provider>
86
87        <uses-library
87-->[androidx.window:window:1.0.0-beta04] AndroidManifest.xml:25:9-27:40
88            android:name="androidx.window.extensions"
88-->[androidx.window:window:1.0.0-beta04] AndroidManifest.xml:26:13-54
89            android:required="false" />
89-->[androidx.window:window:1.0.0-beta04] AndroidManifest.xml:27:13-37
90        <uses-library
90-->[androidx.window:window:1.0.0-beta04] AndroidManifest.xml:28:9-30:40
91            android:name="androidx.window.sidecar"
91-->[androidx.window:window:1.0.0-beta04] AndroidManifest.xml:29:13-51
92            android:required="false" />
92-->[androidx.window:window:1.0.0-beta04] AndroidManifest.xml:30:13-37
93
94        <provider
94-->[androidx.profileinstaller:profileinstaller:1.3.0] AndroidManifest.xml:24:9-32:20
95            android:name="androidx.startup.InitializationProvider"
95-->[androidx.profileinstaller:profileinstaller:1.3.0] AndroidManifest.xml:25:13-67
96            android:authorities="com.example.xiaonaoweisuo.grade2.androidx-startup"
96-->[androidx.profileinstaller:profileinstaller:1.3.0] AndroidManifest.xml:26:13-68
97            android:exported="false" >
97-->[androidx.profileinstaller:profileinstaller:1.3.0] AndroidManifest.xml:27:13-37
98            <meta-data
98-->[androidx.profileinstaller:profileinstaller:1.3.0] AndroidManifest.xml:29:13-31:52
99                android:name="androidx.profileinstaller.ProfileInstallerInitializer"
99-->[androidx.profileinstaller:profileinstaller:1.3.0] AndroidManifest.xml:30:17-85
100                android:value="androidx.startup" />
100-->[androidx.profileinstaller:profileinstaller:1.3.0] AndroidManifest.xml:31:17-49
101        </provider>
102
103        <receiver
103-->[androidx.profileinstaller:profileinstaller:1.3.0] AndroidManifest.xml:34:9-52:20
104            android:name="androidx.profileinstaller.ProfileInstallReceiver"
104-->[androidx.profileinstaller:profileinstaller:1.3.0] AndroidManifest.xml:35:13-76
105            android:directBootAware="false"
105-->[androidx.profileinstaller:profileinstaller:1.3.0] AndroidManifest.xml:36:13-44
106            android:enabled="true"
106-->[androidx.profileinstaller:profileinstaller:1.3.0] AndroidManifest.xml:37:13-35
107            android:exported="true"
107-->[androidx.profileinstaller:profileinstaller:1.3.0] AndroidManifest.xml:38:13-36
108            android:permission="android.permission.DUMP" >
108-->[androidx.profileinstaller:profileinstaller:1.3.0] AndroidManifest.xml:39:13-57
109            <intent-filter>
109-->[androidx.profileinstaller:profileinstaller:1.3.0] AndroidManifest.xml:40:13-42:29
110                <action android:name="androidx.profileinstaller.action.INSTALL_PROFILE" />
110-->[androidx.profileinstaller:profileinstaller:1.3.0] AndroidManifest.xml:41:17-91
110-->[androidx.profileinstaller:profileinstaller:1.3.0] AndroidManifest.xml:41:25-88
111            </intent-filter>
112            <intent-filter>
112-->[androidx.profileinstaller:profileinstaller:1.3.0] AndroidManifest.xml:43:13-45:29
113                <action android:name="androidx.profileinstaller.action.SKIP_FILE" />
113-->[androidx.profileinstaller:profileinstaller:1.3.0] AndroidManifest.xml:44:17-85
113-->[androidx.profileinstaller:profileinstaller:1.3.0] AndroidManifest.xml:44:25-82
114            </intent-filter>
115            <intent-filter>
115-->[androidx.profileinstaller:profileinstaller:1.3.0] AndroidManifest.xml:46:13-48:29
116                <action android:name="androidx.profileinstaller.action.SAVE_PROFILE" />
116-->[androidx.profileinstaller:profileinstaller:1.3.0] AndroidManifest.xml:47:17-88
116-->[androidx.profileinstaller:profileinstaller:1.3.0] AndroidManifest.xml:47:25-85
117            </intent-filter>
118            <intent-filter>
118-->[androidx.profileinstaller:profileinstaller:1.3.0] AndroidManifest.xml:49:13-51:29
119                <action android:name="androidx.profileinstaller.action.BENCHMARK_OPERATION" />
119-->[androidx.profileinstaller:profileinstaller:1.3.0] AndroidManifest.xml:50:17-95
119-->[androidx.profileinstaller:profileinstaller:1.3.0] AndroidManifest.xml:50:25-92
120            </intent-filter>
121        </receiver>
122    </application>
123
124</manifest>